[INFO] Scanning for projects...
[INFO] 
[INFO] --------------------< com.hps:configmaster_backend >--------------------
[INFO] Building configmaster_backend 0.0.1-SNAPSHOT
[INFO]   from pom.xml
[INFO] --------------------------------[ jar ]---------------------------------
[INFO] 
[INFO] >>> spring-boot:3.2.2:run (default-cli) > test-compile @ configmaster_backend >>>
[WARNING] The artifact org.hibernate:hibernate-core:jar:6.4.1.Final has been relocated to org.hibernate.orm:hibernate-core:jar:6.4.1.Final
[INFO] 
[INFO] --- resources:3.3.1:resources (default-resources) @ configmaster_backend ---
[INFO] Copying 1 resource from src\main\resources to target\classes
[INFO] Copying 1 resource from src\main\resources to target\classes
[INFO] 
[INFO] --- compiler:3.11.0:compile (default-compile) @ configmaster_backend ---
[INFO] Changes detected - recompiling the module! :source
[INFO] Compiling 158 source files with javac [debug release 17] to target\classes
[INFO] /C:/Users/amahmoudi/Downloads/config-master-main/SIT/ConfigMaster-Backend/src/main/java/com/hps/configmaster_backend/service/Imp/JWTService.java: C:\Users\amahmoudi\Downloads\config-master-main\SIT\ConfigMaster-Backend\src\main\java\com\hps\configmaster_backend\service\Imp\JWTService.java uses or overrides a deprecated API.
[INFO] /C:/Users/amahmoudi/Downloads/config-master-main/SIT/ConfigMaster-Backend/src/main/java/com/hps/configmaster_backend/service/Imp/JWTService.java: Recompile with -Xlint:deprecation for details.
[INFO] /C:/Users/amahmoudi/Downloads/config-master-main/SIT/ConfigMaster-Backend/src/main/java/com/hps/configmaster_backend/service/Imp/JWTService.java: Some input files use unchecked or unsafe operations.
[INFO] /C:/Users/amahmoudi/Downloads/config-master-main/SIT/ConfigMaster-Backend/src/main/java/com/hps/configmaster_backend/service/Imp/JWTService.java: Recompile with -Xlint:unchecked for details.
[INFO] 
[INFO] --- resources:3.3.1:testResources (default-testResources) @ configmaster_backend ---
[INFO] skip non existing resourceDirectory C:\Users\amahmoudi\Downloads\config-master-main\SIT\ConfigMaster-Backend\src\test\resources
[INFO] 
[INFO] --- compiler:3.11.0:testCompile (default-testCompile) @ configmaster_backend ---
[INFO] Changes detected - recompiling the module! :dependency
[INFO] Compiling 1 source file with javac [debug release 17] to target\test-classes
[INFO] 
[INFO] <<< spring-boot:3.2.2:run (default-cli) < test-compile @ configmaster_backend <<<
[INFO] 
[INFO] 
[INFO] --- spring-boot:3.2.2:run (default-cli) @ configmaster_backend ---
[INFO] Attaching agents: []

  .   ____          _            __ _ _
 /\\ / ___'_ __ _ _(_)_ __  __ _ \ \ \ \
( ( )\___ | '_ | '_| | '_ \/ _` | \ \ \ \
 \\/  ___)| |_)| | | | | || (_| |  ) ) ) )
  '  |____| .__|_| |_|_| |_\__, | / / / /
 =========|_|==============|___/=/_/_/_/
 :: Spring Boot ::                (v3.2.2)

2026-03-03T09:25:01.614Z  INFO 40452 --- [configmaster_backend] [           main] c.h.c.ConfigmasterBackendApplication     : Starting ConfigmasterBackendApplication using Java 18.0.2.1 with PID 40452 (C:\Users\amahmoudi\Downloads\config-master-main\SIT\ConfigMaster-Backend\target\classes started by amahmoudi in C:\Users\amahmoudi\Downloads\config-master-main\SIT\ConfigMaster-Backend)
2026-03-03T09:25:01.620Z  INFO 40452 --- [configmaster_backend] [           main] c.h.c.ConfigmasterBackendApplication     : No active profile set, falling back to 1 default profile: "default"
2026-03-03T09:25:08.554Z  INFO 40452 --- [configmaster_backend] [           main] .s.d.r.c.RepositoryConfigurationDelegate : Bootstrapping Spring Data JPA repositories in DEFAULT mode.
2026-03-03T09:25:09.772Z  INFO 40452 --- [configmaster_backend] [           main] .s.d.r.c.RepositoryConfigurationDelegate : Finished Spring Data repository scanning in 1014 ms. Found 15 JPA repository interfaces.
2026-03-03T09:25:13.332Z  INFO 40452 --- [configmaster_backend] [           main] o.s.b.w.embedded.tomcat.TomcatWebServer  : Tomcat initialized with port 8084 (http)
2026-03-03T09:25:13.405Z  INFO 40452 --- [configmaster_backend] [           main] o.apache.catalina.core.StandardService   : Starting service [Tomcat]
2026-03-03T09:25:13.407Z  INFO 40452 --- [configmaster_backend] [           main] o.apache.catalina.core.StandardEngine    : Starting Servlet engine: [Apache Tomcat/10.1.18]
2026-03-03T09:25:13.905Z  INFO 40452 --- [configmaster_backend] [           main] o.a.c.c.C.[.[.[/configmaster_backend]    : Initializing Spring embedded WebApplicationContext
2026-03-03T09:25:13.908Z  INFO 40452 --- [configmaster_backend] [           main] w.s.c.ServletWebServerApplicationContext : Root WebApplicationContext: initialization completed in 11940 ms
2026-03-03T09:25:15.677Z  INFO 40452 --- [configmaster_backend] [           main] o.hibernate.jpa.internal.util.LogHelper  : HHH000204: Processing PersistenceUnitInfo [name: default]
2026-03-03T09:25:15.995Z  INFO 40452 --- [configmaster_backend] [           main] org.hibernate.Version                    : HHH000412: Hibernate ORM core version 6.4.1.Final
2026-03-03T09:25:16.169Z  INFO 40452 --- [configmaster_backend] [           main] o.h.c.internal.RegionFactoryInitiator    : HHH000026: Second-level cache disabled
2026-03-03T09:25:17.768Z  INFO 40452 --- [configmaster_backend] [           main] o.s.o.j.p.SpringPersistenceUnitInfo      : No LoadTimeWeaver setup: ignoring JPA class transformer
2026-03-03T09:25:18.133Z  INFO 40452 --- [configmaster_backend] [           main] com.zaxxer.hikari.HikariDataSource       : HikariPool-1 - Starting...
2026-03-03T09:25:20.691Z  INFO 40452 --- [configmaster_backend] [           main] com.zaxxer.hikari.pool.HikariPool        : HikariPool-1 - Added connection oracle.jdbc.driver.T4CConnection@3dda8a2e
2026-03-03T09:25:20.700Z  INFO 40452 --- [configmaster_backend] [           main] com.zaxxer.hikari.HikariDataSource       : HikariPool-1 - Start completed.
2026-03-03T09:25:21.399Z  WARN 40452 --- [configmaster_backend] [           main] org.hibernate.orm.deprecation            : HHH90000025: OracleDialect does not need to be specified explicitly using 'hibernate.dialect' (remove the property setting and it will be selected by default)
2026-03-03T09:25:28.020Z  INFO 40452 --- [configmaster_backend] [           main] o.h.e.t.j.p.i.JtaPlatformInitiator       : HHH000489: No JTA platform available (set 'hibernate.transaction.jta.platform' to enable JTA platform integration)
2026-03-03T09:25:28.030Z  INFO 40452 --- [configmaster_backend] [           main] j.LocalContainerEntityManagerFactoryBean : Initialized JPA EntityManagerFactory for persistence unit 'default'
2026-03-03T09:25:29.593Z  INFO 40452 --- [configmaster_backend] [           main] o.s.d.j.r.query.QueryEnhancerFactory     : Hibernate is in classpath; If applicable, HQL parser will be used.
2026-03-03T09:25:32.983Z  WARN 40452 --- [configmaster_backend] [           main] JpaBaseConfiguration$JpaWebConfiguration : spring.jpa.open-in-view is enabled by default. Therefore, database queries may be performed during view rendering. Explicitly configure spring.jpa.open-in-view to disable this warning
2026-03-03T09:25:36.198Z  INFO 40452 --- [configmaster_backend] [           main] o.s.s.web.DefaultSecurityFilterChain     : Will secure any request with [org.springframework.security.web.session.DisableEncodeUrlFilter@5eeb7b5b, org.springframework.security.web.context.request.async.WebAsyncManagerIntegrationFilter@4135b7f9, org.springframework.security.web.context.SecurityContextHolderFilter@6448679f, org.springframework.security.web.header.HeaderWriterFilter@30aeb2b3, org.springframework.web.filter.CorsFilter@3847fe81, org.springframework.security.web.authentication.logout.LogoutFilter@59631e2a, com.hps.configmaster_backend.filter.JwtAuthorizationFilter@3db432c2, org.springframework.security.web.savedrequest.RequestCacheAwareFilter@4a7812cb, org.springframework.security.web.servletapi.SecurityContextHolderAwareRequestFilter@6626137e, org.springframework.security.web.authentication.AnonymousAuthenticationFilter@163697a8, org.springframework.security.web.session.SessionManagementFilter@72d44be3, org.springframework.security.web.access.ExceptionTranslationFilter@61ee1773, org.springframework.security.web.access.intercept.AuthorizationFilter@265bea14]
2026-03-03T09:25:38.279Z  INFO 40452 --- [configmaster_backend] [           main] o.s.b.w.embedded.tomcat.TomcatWebServer  : Tomcat started on port 8084 (http) with context path '/configmaster_backend'
2026-03-03T09:25:38.304Z  INFO 40452 --- [configmaster_backend] [           main] c.h.c.ConfigmasterBackendApplication     : Started ConfigmasterBackendApplication in 39.346 seconds (process running for 41.767)
2026-03-03T09:29:18.402Z  INFO 40452 --- [configmaster_backend] [nio-8084-exec-4] o.a.c.c.C.[.[.[/configmaster_backend]    : Initializing Spring DispatcherServlet 'dispatcherServlet'
2026-03-03T09:29:18.402Z  INFO 40452 --- [configmaster_backend] [nio-8084-exec-4] o.s.web.servlet.DispatcherServlet        : Initializing Servlet 'dispatcherServlet'
2026-03-03T09:29:18.408Z  INFO 40452 --- [configmaster_backend] [nio-8084-exec-4] o.s.web.servlet.DispatcherServlet        : Completed initialization in 5 ms
? [JwtAuthorizationFilter] Filtre JWT activé pour la requęte : /configmaster_backend/v1/api/banks/getAll
? Token reçu : undefined
? [JwtAuthorizationFilter] Filtre JWT activé pour la requęte : /configmaster_backend/v1/api/banksParam/currency
? Token reçu : undefined
? [JwtAuthorizationFilter] Filtre JWT activé pour la requęte : /configmaster_backend/v1/api/banksParam/country
? Token reçu : undefined
? Erreur d'authentification : JWT strings must contain exactly 2 period characters. Found: 0
? Erreur d'authentification : JWT strings must contain exactly 2 period characters. Found: 0
? Erreur d'authentification : JWT strings must contain exactly 2 period characters. Found: 0
? [JwtAuthorizationFilter] Filtre JWT activé pour la requęte : /configmaster_backend/v1/api/login
? Aucun token trouvé, passage au filtre suivant.
? [JwtAuthorizationFilter] Filtre JWT activé pour la requęte : /configmaster_backend/v1/api/login
? Aucun token trouvé, passage au filtre suivant.
? [JwtAuthorizationFilter] Filtre JWT activé pour la requęte : /configmaster_backend/v1/api/login
? Aucun token trouvé, passage au filtre suivant.
? [JwtAuthorizationFilter] Filtre JWT activé pour la requęte : /configmaster_backend/v1/api/login
? Aucun token trouvé, passage au filtre suivant.
? [JwtAuthorizationFilter] Filtre JWT activé pour la requęte : /configmaster_backend/v1/api/login
? Aucun token trouvé, passage au filtre suivant.
? [JwtAuthorizationFilter] Filtre JWT activé pour la requęte : /configmaster_backend/v1/api/login
? Aucun token trouvé, passage au filtre suivant.
? [JwtAuthorizationFilter] Filtre JWT activé pour la requęte : /configmaster_backend/v1/api/banks/diag/query
? Token reçu : eyJhbGciOiJIUzI1NiJ9.eyJzdWIiOiJmdWxsQGdtYWlsLmNvbSIsImV4cCI6MTk4ODUzMDczM30.kEZ8utA7-lS4YhPSPuiF5PFeb4Llsgr1emvD4edlyow
? Utilisateur authentifié : full@gmail.com
? [JwtAuthorizationFilter] Filtre JWT activé pour la requęte : /configmaster_backend/v1/api/banks/diag/query
? Token reçu : eyJhbGciOiJIUzI1NiJ9.eyJzdWIiOiJmdWxsQGdtYWlsLmNvbSIsImV4cCI6MTk4ODUzMDczM30.kEZ8utA7-lS4YhPSPuiF5PFeb4Llsgr1emvD4edlyow
? Utilisateur authentifié : full@gmail.com
? [JwtAuthorizationFilter] Filtre JWT activé pour la requęte : /configmaster_backend/v1/api/banks/diag/query
? Token reçu : eyJhbGciOiJIUzI1NiJ9.eyJzdWIiOiJmdWxsQGdtYWlsLmNvbSIsImV4cCI6MTk4ODUzMDczM30.kEZ8utA7-lS4YhPSPuiF5PFeb4Llsgr1emvD4edlyow
? Utilisateur authentifié : full@gmail.com
? [JwtAuthorizationFilter] Filtre JWT activé pour la requęte : /configmaster_backend/v1/api/banks/diag/query
? Token reçu : eyJhbGciOiJIUzI1NiJ9.eyJzdWIiOiJmdWxsQGdtYWlsLmNvbSIsImV4cCI6MTk4ODUzMDczM30.kEZ8utA7-lS4YhPSPuiF5PFeb4Llsgr1emvD4edlyow
? Utilisateur authentifié : full@gmail.com
? [JwtAuthorizationFilter] Filtre JWT activé pour la requęte : /configmaster_backend/v1/api/banks/diag/query
? Token reçu : eyJhbGciOiJIUzI1NiJ9.eyJzdWIiOiJmdWxsQGdtYWlsLmNvbSIsImV4cCI6MTk4ODUzMDczM30.kEZ8utA7-lS4YhPSPuiF5PFeb4Llsgr1emvD4edlyow
? Utilisateur authentifié : full@gmail.com
? [JwtAuthorizationFilter] Filtre JWT activé pour la requęte : /configmaster_backend/v1/api/banks/diag/query
? Token reçu : eyJhbGciOiJIUzI1NiJ9.eyJzdWIiOiJmdWxsQGdtYWlsLmNvbSIsImV4cCI6MTk4ODUzMDczM30.kEZ8utA7-lS4YhPSPuiF5PFeb4Llsgr1emvD4edlyow
? Utilisateur authentifié : full@gmail.com
? [JwtAuthorizationFilter] Filtre JWT activé pour la requęte : /configmaster_backend/v1/api/banks/diag/query
? Token reçu : eyJhbGciOiJIUzI1NiJ9.eyJzdWIiOiJmdWxsQGdtYWlsLmNvbSIsImV4cCI6MTk4ODUzMDczM30.kEZ8utA7-lS4YhPSPuiF5PFeb4Llsgr1emvD4edlyow
? Utilisateur authentifié : full@gmail.com
? [JwtAuthorizationFilter] Filtre JWT activé pour la requęte : /configmaster_backend/v1/api/banks/diag/query
? Token reçu : eyJhbGciOiJIUzI1NiJ9.eyJzdWIiOiJmdWxsQGdtYWlsLmNvbSIsImV4cCI6MTk4ODUzMDczM30.kEZ8utA7-lS4YhPSPuiF5PFeb4Llsgr1emvD4edlyow
? Utilisateur authentifié : full@gmail.com
? [JwtAuthorizationFilter] Filtre JWT activé pour la requęte : /configmaster_backend/v1/api/banks/diag/query
? Token reçu : eyJhbGciOiJIUzI1NiJ9.eyJzdWIiOiJmdWxsQGdtYWlsLmNvbSIsImV4cCI6MTk4ODUzMDczM30.kEZ8utA7-lS4YhPSPuiF5PFeb4Llsgr1emvD4edlyow
? Utilisateur authentifié : full@gmail.com
? [JwtAuthorizationFilter] Filtre JWT activé pour la requęte : /configmaster_backend/v1/api/banks/diag/query
? Token reçu : eyJhbGciOiJIUzI1NiJ9.eyJzdWIiOiJmdWxsQGdtYWlsLmNvbSIsImV4cCI6MTk4ODUzMDczM30.kEZ8utA7-lS4YhPSPuiF5PFeb4Llsgr1emvD4edlyow
? Utilisateur authentifié : full@gmail.com
? [JwtAuthorizationFilter] Filtre JWT activé pour la requęte : /configmaster_backend/v1/api/banks/diag/query
? Token reçu : eyJhbGciOiJIUzI1NiJ9.eyJzdWIiOiJmdWxsQGdtYWlsLmNvbSIsImV4cCI6MTk4ODUzMDczM30.kEZ8utA7-lS4YhPSPuiF5PFeb4Llsgr1emvD4edlyow
? Utilisateur authentifié : full@gmail.com
? [JwtAuthorizationFilter] Filtre JWT activé pour la requęte : /configmaster_backend/v1/api/banks/diag/query
? Token reçu : eyJhbGciOiJIUzI1NiJ9.eyJzdWIiOiJmdWxsQGdtYWlsLmNvbSIsImV4cCI6MTk4ODUzMDczM30.kEZ8utA7-lS4YhPSPuiF5PFeb4Llsgr1emvD4edlyow
? Utilisateur authentifié : full@gmail.com
? [JwtAuthorizationFilter] Filtre JWT activé pour la requęte : /configmaster_backend/v1/api/banks/diag/query
? Token reçu : eyJhbGciOiJIUzI1NiJ9.eyJzdWIiOiJmdWxsQGdtYWlsLmNvbSIsImV4cCI6MTk4ODUzMDczM30.kEZ8utA7-lS4YhPSPuiF5PFeb4Llsgr1emvD4edlyow
? Utilisateur authentifié : full@gmail.com
? [JwtAuthorizationFilter] Filtre JWT activé pour la requęte : /configmaster_backend/v1/api/banks/diag/query
? Token reçu : eyJhbGciOiJIUzI1NiJ9.eyJzdWIiOiJmdWxsQGdtYWlsLmNvbSIsImV4cCI6MTk4ODUzMDczM30.kEZ8utA7-lS4YhPSPuiF5PFeb4Llsgr1emvD4edlyow
? Utilisateur authentifié : full@gmail.com
? [JwtAuthorizationFilter] Filtre JWT activé pour la requęte : /configmaster_backend/v1/api/banks/diag/query
? Token reçu : eyJhbGciOiJIUzI1NiJ9.eyJzdWIiOiJmdWxsQGdtYWlsLmNvbSIsImV4cCI6MTk4ODUzMDczM30.kEZ8utA7-lS4YhPSPuiF5PFeb4Llsgr1emvD4edlyow
? Utilisateur authentifié : full@gmail.com
? [JwtAuthorizationFilter] Filtre JWT activé pour la requęte : /configmaster_backend/v1/api/login
? Aucun token trouvé, passage au filtre suivant.
? [JwtAuthorizationFilter] Filtre JWT activé pour la requęte : /configmaster_backend/v1/api/banks/diag/query
? Token reçu : eyJhbGciOiJIUzI1NiJ9.eyJzdWIiOiJmdWxsQGdtYWlsLmNvbSIsImV4cCI6MTk4ODUzMDc0MX0.CbwZbCpkLe2TA4HkKLaWWjOY5m9RK0v8cC1owfw-0oo
? Utilisateur authentifié : full@gmail.com
? [JwtAuthorizationFilter] Filtre JWT activé pour la requęte : /configmaster_backend/v1/api/banks/diag/query
? Token reçu : eyJhbGciOiJIUzI1NiJ9.eyJzdWIiOiJmdWxsQGdtYWlsLmNvbSIsImV4cCI6MTk4ODUzMDc0MX0.CbwZbCpkLe2TA4HkKLaWWjOY5m9RK0v8cC1owfw-0oo
? Utilisateur authentifié : full@gmail.com
? [JwtAuthorizationFilter] Filtre JWT activé pour la requęte : /configmaster_backend/v1/api/banks/diag/query
? Token reçu : eyJhbGciOiJIUzI1NiJ9.eyJzdWIiOiJmdWxsQGdtYWlsLmNvbSIsImV4cCI6MTk4ODUzMDc0MX0.CbwZbCpkLe2TA4HkKLaWWjOY5m9RK0v8cC1owfw-0oo
? Utilisateur authentifié : full@gmail.com
? [JwtAuthorizationFilter] Filtre JWT activé pour la requęte : /configmaster_backend/v1/api/banks/diag/query
? Token reçu : eyJhbGciOiJIUzI1NiJ9.eyJzdWIiOiJmdWxsQGdtYWlsLmNvbSIsImV4cCI6MTk4ODUzMDc0MX0.CbwZbCpkLe2TA4HkKLaWWjOY5m9RK0v8cC1owfw-0oo
? Utilisateur authentifié : full@gmail.com
? [JwtAuthorizationFilter] Filtre JWT activé pour la requęte : /configmaster_backend/v1/api/banks/diag/query
? Token reçu : eyJhbGciOiJIUzI1NiJ9.eyJzdWIiOiJmdWxsQGdtYWlsLmNvbSIsImV4cCI6MTk4ODUzMDc0MX0.CbwZbCpkLe2TA4HkKLaWWjOY5m9RK0v8cC1owfw-0oo
? Utilisateur authentifié : full@gmail.com
? [JwtAuthorizationFilter] Filtre JWT activé pour la requęte : /configmaster_backend/v1/api/banks/diag/query
? Token reçu : eyJhbGciOiJIUzI1NiJ9.eyJzdWIiOiJmdWxsQGdtYWlsLmNvbSIsImV4cCI6MTk4ODUzMDc0MX0.CbwZbCpkLe2TA4HkKLaWWjOY5m9RK0v8cC1owfw-0oo
? Utilisateur authentifié : full@gmail.com
? [JwtAuthorizationFilter] Filtre JWT activé pour la requęte : /configmaster_backend/v1/api/banks/diag/query
? Token reçu : eyJhbGciOiJIUzI1NiJ9.eyJzdWIiOiJmdWxsQGdtYWlsLmNvbSIsImV4cCI6MTk4ODUzMDc0MX0.CbwZbCpkLe2TA4HkKLaWWjOY5m9RK0v8cC1owfw-0oo
? Utilisateur authentifié : full@gmail.com
? [JwtAuthorizationFilter] Filtre JWT activé pour la requęte : /configmaster_backend/v1/api/banks/diag/query
? Token reçu : eyJhbGciOiJIUzI1NiJ9.eyJzdWIiOiJmdWxsQGdtYWlsLmNvbSIsImV4cCI6MTk4ODUzMDc0MX0.CbwZbCpkLe2TA4HkKLaWWjOY5m9RK0v8cC1owfw-0oo
? Utilisateur authentifié : full@gmail.com
? [JwtAuthorizationFilter] Filtre JWT activé pour la requęte : /configmaster_backend/v1/api/banks/diag/query
? Token reçu : eyJhbGciOiJIUzI1NiJ9.eyJzdWIiOiJmdWxsQGdtYWlsLmNvbSIsImV4cCI6MTk4ODUzMDc0MX0.CbwZbCpkLe2TA4HkKLaWWjOY5m9RK0v8cC1owfw-0oo
? Utilisateur authentifié : full@gmail.com
? [JwtAuthorizationFilter] Filtre JWT activé pour la requęte : /configmaster_backend/v1/api/banks/diag/query
? Token reçu : eyJhbGciOiJIUzI1NiJ9.eyJzdWIiOiJmdWxsQGdtYWlsLmNvbSIsImV4cCI6MTk4ODUzMDc0MX0.CbwZbCpkLe2TA4HkKLaWWjOY5m9RK0v8cC1owfw-0oo
? Utilisateur authentifié : full@gmail.com
? [JwtAuthorizationFilter] Filtre JWT activé pour la requęte : /configmaster_backend/v1/api/banks/diag/query
? Token reçu : eyJhbGciOiJIUzI1NiJ9.eyJzdWIiOiJmdWxsQGdtYWlsLmNvbSIsImV4cCI6MTk4ODUzMDc0MX0.CbwZbCpkLe2TA4HkKLaWWjOY5m9RK0v8cC1owfw-0oo
? Utilisateur authentifié : full@gmail.com
? [JwtAuthorizationFilter] Filtre JWT activé pour la requęte : /configmaster_backend/v1/api/banks/diag/query
? Token reçu : eyJhbGciOiJIUzI1NiJ9.eyJzdWIiOiJmdWxsQGdtYWlsLmNvbSIsImV4cCI6MTk4ODUzMDc0MX0.CbwZbCpkLe2TA4HkKLaWWjOY5m9RK0v8cC1owfw-0oo
? Utilisateur authentifié : full@gmail.com
? [JwtAuthorizationFilter] Filtre JWT activé pour la requęte : /configmaster_backend/v1/api/banks/diag/query
? Token reçu : eyJhbGciOiJIUzI1NiJ9.eyJzdWIiOiJmdWxsQGdtYWlsLmNvbSIsImV4cCI6MTk4ODUzMDc0MX0.CbwZbCpkLe2TA4HkKLaWWjOY5m9RK0v8cC1owfw-0oo
? Utilisateur authentifié : full@gmail.com
? [JwtAuthorizationFilter] Filtre JWT activé pour la requęte : /configmaster_backend/v1/api/banks/diag/query
? Token reçu : eyJhbGciOiJIUzI1NiJ9.eyJzdWIiOiJmdWxsQGdtYWlsLmNvbSIsImV4cCI6MTk4ODUzMDc0MX0.CbwZbCpkLe2TA4HkKLaWWjOY5m9RK0v8cC1owfw-0oo
? Utilisateur authentifié : full@gmail.com
? [JwtAuthorizationFilter] Filtre JWT activé pour la requęte : /configmaster_backend/v1/api/banks/diag/query
? Token reçu : eyJhbGciOiJIUzI1NiJ9.eyJzdWIiOiJmdWxsQGdtYWlsLmNvbSIsImV4cCI6MTk4ODUzMDc0MX0.CbwZbCpkLe2TA4HkKLaWWjOY5m9RK0v8cC1owfw-0oo
? Utilisateur authentifié : full@gmail.com
? [JwtAuthorizationFilter] Filtre JWT activé pour la requęte : /configmaster_backend/v1/api/login
? Aucun token trouvé, passage au filtre suivant.
? [JwtAuthorizationFilter] Filtre JWT activé pour la requęte : /configmaster_backend/v1/api/banks/diag/query
? Token reçu : eyJhbGciOiJIUzI1NiJ9.eyJzdWIiOiJmdWxsQGdtYWlsLmNvbSIsImV4cCI6MTk4ODUzMDkyOX0.veV9gGNBicCSTkT5fiNkHAIKeQLILEZ1FTO7CgF3UT0
? Utilisateur authentifié : full@gmail.com
? [JwtAuthorizationFilter] Filtre JWT activé pour la requęte : /configmaster_backend/v1/api/banks/diag/query
? Token reçu : eyJhbGciOiJIUzI1NiJ9.eyJzdWIiOiJmdWxsQGdtYWlsLmNvbSIsImV4cCI6MTk4ODUzMDkyOX0.veV9gGNBicCSTkT5fiNkHAIKeQLILEZ1FTO7CgF3UT0
? Utilisateur authentifié : full@gmail.com
? [JwtAuthorizationFilter] Filtre JWT activé pour la requęte : /configmaster_backend/v1/api/banks/diag/query
? Token reçu : eyJhbGciOiJIUzI1NiJ9.eyJzdWIiOiJmdWxsQGdtYWlsLmNvbSIsImV4cCI6MTk4ODUzMDkyOX0.veV9gGNBicCSTkT5fiNkHAIKeQLILEZ1FTO7CgF3UT0
? Utilisateur authentifié : full@gmail.com
? [JwtAuthorizationFilter] Filtre JWT activé pour la requęte : /configmaster_backend/v1/api/banks/diag/query
? Token reçu : eyJhbGciOiJIUzI1NiJ9.eyJzdWIiOiJmdWxsQGdtYWlsLmNvbSIsImV4cCI6MTk4ODUzMDkyOX0.veV9gGNBicCSTkT5fiNkHAIKeQLILEZ1FTO7CgF3UT0
? Utilisateur authentifié : full@gmail.com
? [JwtAuthorizationFilter] Filtre JWT activé pour la requęte : /configmaster_backend/v1/api/banks/diag/query
? Token reçu : eyJhbGciOiJIUzI1NiJ9.eyJzdWIiOiJmdWxsQGdtYWlsLmNvbSIsImV4cCI6MTk4ODUzMDkyOX0.veV9gGNBicCSTkT5fiNkHAIKeQLILEZ1FTO7CgF3UT0
? Utilisateur authentifié : full@gmail.com
? [JwtAuthorizationFilter] Filtre JWT activé pour la requęte : /configmaster_backend/v1/api/banks/diag/query
? Token reçu : eyJhbGciOiJIUzI1NiJ9.eyJzdWIiOiJmdWxsQGdtYWlsLmNvbSIsImV4cCI6MTk4ODUzMDkyOX0.veV9gGNBicCSTkT5fiNkHAIKeQLILEZ1FTO7CgF3UT0
? Utilisateur authentifié : full@gmail.com
? [JwtAuthorizationFilter] Filtre JWT activé pour la requęte : /configmaster_backend/v1/api/banks/diag/query
? Token reçu : eyJhbGciOiJIUzI1NiJ9.eyJzdWIiOiJmdWxsQGdtYWlsLmNvbSIsImV4cCI6MTk4ODUzMDkyOX0.veV9gGNBicCSTkT5fiNkHAIKeQLILEZ1FTO7CgF3UT0
? Utilisateur authentifié : full@gmail.com
? [JwtAuthorizationFilter] Filtre JWT activé pour la requęte : /configmaster_backend/v1/api/banks/diag/query
? Token reçu : eyJhbGciOiJIUzI1NiJ9.eyJzdWIiOiJmdWxsQGdtYWlsLmNvbSIsImV4cCI6MTk4ODUzMDkyOX0.veV9gGNBicCSTkT5fiNkHAIKeQLILEZ1FTO7CgF3UT0
? Utilisateur authentifié : full@gmail.com
? [JwtAuthorizationFilter] Filtre JWT activé pour la requęte : /configmaster_backend/v1/api/banks/diag/query
? Token reçu : eyJhbGciOiJIUzI1NiJ9.eyJzdWIiOiJmdWxsQGdtYWlsLmNvbSIsImV4cCI6MTk4ODUzMDkyOX0.veV9gGNBicCSTkT5fiNkHAIKeQLILEZ1FTO7CgF3UT0
? Utilisateur authentifié : full@gmail.com
? [JwtAuthorizationFilter] Filtre JWT activé pour la requęte : /configmaster_backend/v1/api/banks/diag/query
? Token reçu : eyJhbGciOiJIUzI1NiJ9.eyJzdWIiOiJmdWxsQGdtYWlsLmNvbSIsImV4cCI6MTk4ODUzMDkyOX0.veV9gGNBicCSTkT5fiNkHAIKeQLILEZ1FTO7CgF3UT0
? Utilisateur authentifié : full@gmail.com
? [JwtAuthorizationFilter] Filtre JWT activé pour la requęte : /configmaster_backend/v1/api/banks/diag/query
? Token reçu : eyJhbGciOiJIUzI1NiJ9.eyJzdWIiOiJmdWxsQGdtYWlsLmNvbSIsImV4cCI6MTk4ODUzMDkyOX0.veV9gGNBicCSTkT5fiNkHAIKeQLILEZ1FTO7CgF3UT0
? Utilisateur authentifié : full@gmail.com
? [JwtAuthorizationFilter] Filtre JWT activé pour la requęte : /configmaster_backend/v1/api/banks/diag/query
? Token reçu : eyJhbGciOiJIUzI1NiJ9.eyJzdWIiOiJmdWxsQGdtYWlsLmNvbSIsImV4cCI6MTk4ODUzMDkyOX0.veV9gGNBicCSTkT5fiNkHAIKeQLILEZ1FTO7CgF3UT0
? Utilisateur authentifié : full@gmail.com
? [JwtAuthorizationFilter] Filtre JWT activé pour la requęte : /configmaster_backend/v1/api/banks/diag/query
? Token reçu : eyJhbGciOiJIUzI1NiJ9.eyJzdWIiOiJmdWxsQGdtYWlsLmNvbSIsImV4cCI6MTk4ODUzMDkyOX0.veV9gGNBicCSTkT5fiNkHAIKeQLILEZ1FTO7CgF3UT0
? Utilisateur authentifié : full@gmail.com
? [JwtAuthorizationFilter] Filtre JWT activé pour la requęte : /configmaster_backend/v1/api/banks/diag/query
? Token reçu : eyJhbGciOiJIUzI1NiJ9.eyJzdWIiOiJmdWxsQGdtYWlsLmNvbSIsImV4cCI6MTk4ODUzMDkyOX0.veV9gGNBicCSTkT5fiNkHAIKeQLILEZ1FTO7CgF3UT0
? Utilisateur authentifié : full@gmail.com
? [JwtAuthorizationFilter] Filtre JWT activé pour la requęte : /configmaster_backend/v1/api/banks/diag/query
? Token reçu : eyJhbGciOiJIUzI1NiJ9.eyJzdWIiOiJmdWxsQGdtYWlsLmNvbSIsImV4cCI6MTk4ODUzMDkyOX0.veV9gGNBicCSTkT5fiNkHAIKeQLILEZ1FTO7CgF3UT0
? Utilisateur authentifié : full@gmail.com
? [JwtAuthorizationFilter] Filtre JWT activé pour la requęte : /configmaster_backend/v1/api/login
? Aucun token trouvé, passage au filtre suivant.
? [JwtAuthorizationFilter] Filtre JWT activé pour la requęte : /configmaster_backend/v1/api/banks/diag/query
? Token reçu : eyJhbGciOiJIUzI1NiJ9.eyJzdWIiOiJmdWxsQGdtYWlsLmNvbSIsImV4cCI6MTk4ODUzMDk0MX0.SCij0_pgqsonrWxsfoaw1fxMOjo5hTryNwgoOUuWvw4
? Utilisateur authentifié : full@gmail.com
? [JwtAuthorizationFilter] Filtre JWT activé pour la requęte : /configmaster_backend/v1/api/banks/diag/query
? Token reçu : eyJhbGciOiJIUzI1NiJ9.eyJzdWIiOiJmdWxsQGdtYWlsLmNvbSIsImV4cCI6MTk4ODUzMDk0MX0.SCij0_pgqsonrWxsfoaw1fxMOjo5hTryNwgoOUuWvw4
? Utilisateur authentifié : full@gmail.com
? [JwtAuthorizationFilter] Filtre JWT activé pour la requęte : /configmaster_backend/v1/api/banks/diag/query
? Token reçu : eyJhbGciOiJIUzI1NiJ9.eyJzdWIiOiJmdWxsQGdtYWlsLmNvbSIsImV4cCI6MTk4ODUzMDk0MX0.SCij0_pgqsonrWxsfoaw1fxMOjo5hTryNwgoOUuWvw4
? Utilisateur authentifié : full@gmail.com
? [JwtAuthorizationFilter] Filtre JWT activé pour la requęte : /configmaster_backend/v1/api/banks/diag/query
? Token reçu : eyJhbGciOiJIUzI1NiJ9.eyJzdWIiOiJmdWxsQGdtYWlsLmNvbSIsImV4cCI6MTk4ODUzMDk0MX0.SCij0_pgqsonrWxsfoaw1fxMOjo5hTryNwgoOUuWvw4
? Utilisateur authentifié : full@gmail.com
? [JwtAuthorizationFilter] Filtre JWT activé pour la requęte : /configmaster_backend/v1/api/banks/diag/query
? Token reçu : eyJhbGciOiJIUzI1NiJ9.eyJzdWIiOiJmdWxsQGdtYWlsLmNvbSIsImV4cCI6MTk4ODUzMDk0MX0.SCij0_pgqsonrWxsfoaw1fxMOjo5hTryNwgoOUuWvw4
? Utilisateur authentifié : full@gmail.com
? [JwtAuthorizationFilter] Filtre JWT activé pour la requęte : /configmaster_backend/v1/api/banks/diag/query
? Token reçu : eyJhbGciOiJIUzI1NiJ9.eyJzdWIiOiJmdWxsQGdtYWlsLmNvbSIsImV4cCI6MTk4ODUzMDk0MX0.SCij0_pgqsonrWxsfoaw1fxMOjo5hTryNwgoOUuWvw4
? Utilisateur authentifié : full@gmail.com
? [JwtAuthorizationFilter] Filtre JWT activé pour la requęte : /configmaster_backend/v1/api/banks/diag/query
? Token reçu : eyJhbGciOiJIUzI1NiJ9.eyJzdWIiOiJmdWxsQGdtYWlsLmNvbSIsImV4cCI6MTk4ODUzMDk0MX0.SCij0_pgqsonrWxsfoaw1fxMOjo5hTryNwgoOUuWvw4
? Utilisateur authentifié : full@gmail.com
? [JwtAuthorizationFilter] Filtre JWT activé pour la requęte : /configmaster_backend/v1/api/banks/diag/query
? Token reçu : eyJhbGciOiJIUzI1NiJ9.eyJzdWIiOiJmdWxsQGdtYWlsLmNvbSIsImV4cCI6MTk4ODUzMDk0MX0.SCij0_pgqsonrWxsfoaw1fxMOjo5hTryNwgoOUuWvw4
? Utilisateur authentifié : full@gmail.com
? [JwtAuthorizationFilter] Filtre JWT activé pour la requęte : /configmaster_backend/v1/api/banks/diag/query
? Token reçu : eyJhbGciOiJIUzI1NiJ9.eyJzdWIiOiJmdWxsQGdtYWlsLmNvbSIsImV4cCI6MTk4ODUzMDk0MX0.SCij0_pgqsonrWxsfoaw1fxMOjo5hTryNwgoOUuWvw4
? Utilisateur authentifié : full@gmail.com
? [JwtAuthorizationFilter] Filtre JWT activé pour la requęte : /configmaster_backend/v1/api/banks/diag/query
? Token reçu : eyJhbGciOiJIUzI1NiJ9.eyJzdWIiOiJmdWxsQGdtYWlsLmNvbSIsImV4cCI6MTk4ODUzMDk0MX0.SCij0_pgqsonrWxsfoaw1fxMOjo5hTryNwgoOUuWvw4
? Utilisateur authentifié : full@gmail.com
? [JwtAuthorizationFilter] Filtre JWT activé pour la requęte : /configmaster_backend/v1/api/banks/diag/query
? Token reçu : eyJhbGciOiJIUzI1NiJ9.eyJzdWIiOiJmdWxsQGdtYWlsLmNvbSIsImV4cCI6MTk4ODUzMDk0MX0.SCij0_pgqsonrWxsfoaw1fxMOjo5hTryNwgoOUuWvw4
? Utilisateur authentifié : full@gmail.com
? [JwtAuthorizationFilter] Filtre JWT activé pour la requęte : /configmaster_backend/v1/api/banks/diag/query
? Token reçu : eyJhbGciOiJIUzI1NiJ9.eyJzdWIiOiJmdWxsQGdtYWlsLmNvbSIsImV4cCI6MTk4ODUzMDk0MX0.SCij0_pgqsonrWxsfoaw1fxMOjo5hTryNwgoOUuWvw4
? Utilisateur authentifié : full@gmail.com
? [JwtAuthorizationFilter] Filtre JWT activé pour la requęte : /configmaster_backend/v1/api/banks/diag/query
? Token reçu : eyJhbGciOiJIUzI1NiJ9.eyJzdWIiOiJmdWxsQGdtYWlsLmNvbSIsImV4cCI6MTk4ODUzMDk0MX0.SCij0_pgqsonrWxsfoaw1fxMOjo5hTryNwgoOUuWvw4
? Utilisateur authentifié : full@gmail.com
? [JwtAuthorizationFilter] Filtre JWT activé pour la requęte : /configmaster_backend/v1/api/banks/diag/query
? Token reçu : eyJhbGciOiJIUzI1NiJ9.eyJzdWIiOiJmdWxsQGdtYWlsLmNvbSIsImV4cCI6MTk4ODUzMDk0MX0.SCij0_pgqsonrWxsfoaw1fxMOjo5hTryNwgoOUuWvw4
? Utilisateur authentifié : full@gmail.com
? [JwtAuthorizationFilter] Filtre JWT activé pour la requęte : /configmaster_backend/v1/api/banks/diag/query
? Token reçu : eyJhbGciOiJIUzI1NiJ9.eyJzdWIiOiJmdWxsQGdtYWlsLmNvbSIsImV4cCI6MTk4ODUzMDk0MX0.SCij0_pgqsonrWxsfoaw1fxMOjo5hTryNwgoOUuWvw4
? Utilisateur authentifié : full@gmail.com
? [JwtAuthorizationFilter] Filtre JWT activé pour la requęte : /configmaster_backend/v1/api/login
? Aucun token trouvé, passage au filtre suivant.
? [JwtAuthorizationFilter] Filtre JWT activé pour la requęte : /configmaster_backend/v1/api/banks/diag/query
? Token reçu : eyJhbGciOiJIUzI1NiJ9.eyJzdWIiOiJmdWxsQGdtYWlsLmNvbSIsImV4cCI6MTk4ODUzMTA0M30.IyEBflwtqhRnayBVL9B9q6XRCYek0WWetlQm6-9yp-s
? Utilisateur authentifié : full@gmail.com
? [JwtAuthorizationFilter] Filtre JWT activé pour la requęte : /configmaster_backend/v1/api/banks/diag/query
? Token reçu : eyJhbGciOiJIUzI1NiJ9.eyJzdWIiOiJmdWxsQGdtYWlsLmNvbSIsImV4cCI6MTk4ODUzMTA0M30.IyEBflwtqhRnayBVL9B9q6XRCYek0WWetlQm6-9yp-s
? Utilisateur authentifié : full@gmail.com
? [JwtAuthorizationFilter] Filtre JWT activé pour la requęte : /configmaster_backend/v1/api/banks/diag/query
? Token reçu : eyJhbGciOiJIUzI1NiJ9.eyJzdWIiOiJmdWxsQGdtYWlsLmNvbSIsImV4cCI6MTk4ODUzMTA0M30.IyEBflwtqhRnayBVL9B9q6XRCYek0WWetlQm6-9yp-s
? Utilisateur authentifié : full@gmail.com
? [JwtAuthorizationFilter] Filtre JWT activé pour la requęte : /configmaster_backend/v1/api/banks/diag/query
? Token reçu : eyJhbGciOiJIUzI1NiJ9.eyJzdWIiOiJmdWxsQGdtYWlsLmNvbSIsImV4cCI6MTk4ODUzMTA0M30.IyEBflwtqhRnayBVL9B9q6XRCYek0WWetlQm6-9yp-s
? Utilisateur authentifié : full@gmail.com
? [JwtAuthorizationFilter] Filtre JWT activé pour la requęte : /configmaster_backend/v1/api/banks/diag/query
? Token reçu : eyJhbGciOiJIUzI1NiJ9.eyJzdWIiOiJmdWxsQGdtYWlsLmNvbSIsImV4cCI6MTk4ODUzMTA0M30.IyEBflwtqhRnayBVL9B9q6XRCYek0WWetlQm6-9yp-s
? Utilisateur authentifié : full@gmail.com
? [JwtAuthorizationFilter] Filtre JWT activé pour la requęte : /configmaster_backend/v1/api/banks/diag/query
? Token reçu : eyJhbGciOiJIUzI1NiJ9.eyJzdWIiOiJmdWxsQGdtYWlsLmNvbSIsImV4cCI6MTk4ODUzMTA0M30.IyEBflwtqhRnayBVL9B9q6XRCYek0WWetlQm6-9yp-s
? Utilisateur authentifié : full@gmail.com
? [JwtAuthorizationFilter] Filtre JWT activé pour la requęte : /configmaster_backend/v1/api/banks/diag/query
? Token reçu : eyJhbGciOiJIUzI1NiJ9.eyJzdWIiOiJmdWxsQGdtYWlsLmNvbSIsImV4cCI6MTk4ODUzMTA0M30.IyEBflwtqhRnayBVL9B9q6XRCYek0WWetlQm6-9yp-s
? Utilisateur authentifié : full@gmail.com
? [JwtAuthorizationFilter] Filtre JWT activé pour la requęte : /configmaster_backend/v1/api/banks/diag/query
? Token reçu : eyJhbGciOiJIUzI1NiJ9.eyJzdWIiOiJmdWxsQGdtYWlsLmNvbSIsImV4cCI6MTk4ODUzMTA0M30.IyEBflwtqhRnayBVL9B9q6XRCYek0WWetlQm6-9yp-s
? Utilisateur authentifié : full@gmail.com
? [JwtAuthorizationFilter] Filtre JWT activé pour la requęte : /configmaster_backend/v1/api/banksParam/country
? Token reçu : undefined
? Erreur d'authentification : JWT strings must contain exactly 2 period characters. Found: 0
? [JwtAuthorizationFilter] Filtre JWT activé pour la requęte : /configmaster_backend/v1/api/banks/getAll
? Token reçu : undefined
? Erreur d'authentification : JWT strings must contain exactly 2 period characters. Found: 0
? [JwtAuthorizationFilter] Filtre JWT activé pour la requęte : /configmaster_backend/v1/api/banksParam/currency
? Token reçu : undefined
? Erreur d'authentification : JWT strings must contain exactly 2 period characters. Found: 0
[INFO] ------------------------------------------------------------------------
[INFO] BUILD FAILURE
[INFO] ------------------------------------------------------------------------
[INFO] Total time:  26:22 min
[INFO] Finished at: 2026-03-03T09:49:57Z
[INFO] ------------------------------------------------------------------------
[ERROR] Failed to execute goal org.springframework.boot:spring-boot-maven-plugin:3.2.2:run (default-cli) on project configmaster_backend: Process terminated with exit code: -1 -> [Help 1]
[ERROR] 
[ERROR] To see the full stack trace of the errors, re-run Maven with the -e switch.
[ERROR] Re-run Maven using the -X switch to enable full debug logging.
[ERROR] 
[ERROR] For more information about the errors and possible solutions, please read the following articles:
[ERROR] [Help 1] http://cwiki.apache.org/confluence/display/MAVEN/MojoExecutionException
