[INFO] Scanning for projects...
[INFO] 
[INFO] --------------------< com.hps:configmaster_backend >--------------------
[INFO] Building configmaster_backend 0.0.1-SNAPSHOT
[INFO]   from pom.xml
[INFO] --------------------------------[ jar ]---------------------------------
[INFO] 
[INFO] >>> spring-boot:3.2.2:run (default-cli) > test-compile @ configmaster_backend >>>
[WARNING] The artifact org.hibernate:hibernate-core:jar:6.4.1.Final has been relocated to org.hibernate.orm:hibernate-core:jar:6.4.1.Final
[INFO] 
[INFO] --- resources:3.3.1:resources (default-resources) @ configmaster_backend ---
[INFO] Copying 1 resource from src\main\resources to target\classes
[INFO] Copying 1 resource from src\main\resources to target\classes
[INFO] 
[INFO] --- compiler:3.11.0:compile (default-compile) @ configmaster_backend ---
[INFO] Changes detected - recompiling the module! :source
[INFO] Compiling 158 source files with javac [debug release 17] to target\classes
[INFO] /C:/Users/amahmoudi/Downloads/config-master-main/SIT/ConfigMaster-Backend/src/main/java/com/hps/configmaster_backend/service/Imp/JWTService.java: C:\Users\amahmoudi\Downloads\config-master-main\SIT\ConfigMaster-Backend\src\main\java\com\hps\configmaster_backend\service\Imp\JWTService.java uses or overrides a deprecated API.
[INFO] /C:/Users/amahmoudi/Downloads/config-master-main/SIT/ConfigMaster-Backend/src/main/java/com/hps/configmaster_backend/service/Imp/JWTService.java: Recompile with -Xlint:deprecation for details.
[INFO] /C:/Users/amahmoudi/Downloads/config-master-main/SIT/ConfigMaster-Backend/src/main/java/com/hps/configmaster_backend/service/Imp/JWTService.java: Some input files use unchecked or unsafe operations.
[INFO] /C:/Users/amahmoudi/Downloads/config-master-main/SIT/ConfigMaster-Backend/src/main/java/com/hps/configmaster_backend/service/Imp/JWTService.java: Recompile with -Xlint:unchecked for details.
[INFO] 
[INFO] --- resources:3.3.1:testResources (default-testResources) @ configmaster_backend ---
[INFO] skip non existing resourceDirectory C:\Users\amahmoudi\Downloads\config-master-main\SIT\ConfigMaster-Backend\src\test\resources
[INFO] 
[INFO] --- compiler:3.11.0:testCompile (default-testCompile) @ configmaster_backend ---
[INFO] Changes detected - recompiling the module! :dependency
[INFO] Compiling 1 source file with javac [debug release 17] to target\test-classes
[INFO] 
[INFO] <<< spring-boot:3.2.2:run (default-cli) < test-compile @ configmaster_backend <<<
[INFO] 
[INFO] 
[INFO] --- spring-boot:3.2.2:run (default-cli) @ configmaster_backend ---
[INFO] Attaching agents: []

  .   ____          _            __ _ _
 /\\ / ___'_ __ _ _(_)_ __  __ _ \ \ \ \
( ( )\___ | '_ | '_| | '_ \/ _` | \ \ \ \
 \\/  ___)| |_)| | | | | || (_| |  ) ) ) )
  '  |____| .__|_| |_|_| |_\__, | / / / /
 =========|_|==============|___/=/_/_/_/
 :: Spring Boot ::                (v3.2.2)

2026-02-26T00:30:24.927Z  INFO 36892 --- [configmaster_backend] [           main] c.h.c.ConfigmasterBackendApplication     : Starting ConfigmasterBackendApplication using Java 18.0.2.1 with PID 36892 (C:\Users\amahmoudi\Downloads\config-master-main\SIT\ConfigMaster-Backend\target\classes started by amahmoudi in C:\Users\amahmoudi\Downloads\config-master-main\SIT\ConfigMaster-Backend)
2026-02-26T00:30:24.938Z  INFO 36892 --- [configmaster_backend] [           main] c.h.c.ConfigmasterBackendApplication     : No active profile set, falling back to 1 default profile: "default"
2026-02-26T00:30:28.973Z  INFO 36892 --- [configmaster_backend] [           main] .s.d.r.c.RepositoryConfigurationDelegate : Bootstrapping Spring Data JPA repositories in DEFAULT mode.
2026-02-26T00:30:29.619Z  INFO 36892 --- [configmaster_backend] [           main] .s.d.r.c.RepositoryConfigurationDelegate : Finished Spring Data repository scanning in 604 ms. Found 15 JPA repository interfaces.
2026-02-26T00:30:31.687Z  INFO 36892 --- [configmaster_backend] [           main] o.s.b.w.embedded.tomcat.TomcatWebServer  : Tomcat initialized with port 8084 (http)
2026-02-26T00:30:31.738Z  INFO 36892 --- [configmaster_backend] [           main] o.apache.catalina.core.StandardService   : Starting service [Tomcat]
2026-02-26T00:30:31.740Z  INFO 36892 --- [configmaster_backend] [           main] o.apache.catalina.core.StandardEngine    : Starting Servlet engine: [Apache Tomcat/10.1.18]
2026-02-26T00:30:32.081Z  INFO 36892 --- [configmaster_backend] [           main] o.a.c.c.C.[.[.[/configmaster_backend]    : Initializing Spring embedded WebApplicationContext
2026-02-26T00:30:32.092Z  INFO 36892 --- [configmaster_backend] [           main] w.s.c.ServletWebServerApplicationContext : Root WebApplicationContext: initialization completed in 7005 ms
2026-02-26T00:30:33.230Z  INFO 36892 --- [configmaster_backend] [           main] o.hibernate.jpa.internal.util.LogHelper  : HHH000204: Processing PersistenceUnitInfo [name: default]
2026-02-26T00:30:33.426Z  INFO 36892 --- [configmaster_backend] [           main] org.hibernate.Version                    : HHH000412: Hibernate ORM core version 6.4.1.Final
2026-02-26T00:30:33.523Z  INFO 36892 --- [configmaster_backend] [           main] o.h.c.internal.RegionFactoryInitiator    : HHH000026: Second-level cache disabled
2026-02-26T00:30:34.370Z  INFO 36892 --- [configmaster_backend] [           main] o.s.o.j.p.SpringPersistenceUnitInfo      : No LoadTimeWeaver setup: ignoring JPA class transformer
2026-02-26T00:30:34.475Z  INFO 36892 --- [configmaster_backend] [           main] com.zaxxer.hikari.HikariDataSource       : HikariPool-1 - Starting...
2026-02-26T00:30:35.418Z  INFO 36892 --- [configmaster_backend] [           main] com.zaxxer.hikari.pool.HikariPool        : HikariPool-1 - Added connection oracle.jdbc.driver.T4CConnection@2b35c7aa
2026-02-26T00:30:35.423Z  INFO 36892 --- [configmaster_backend] [           main] com.zaxxer.hikari.HikariDataSource       : HikariPool-1 - Start completed.
2026-02-26T00:30:35.968Z  WARN 36892 --- [configmaster_backend] [           main] org.hibernate.orm.deprecation            : HHH90000025: OracleDialect does not need to be specified explicitly using 'hibernate.dialect' (remove the property setting and it will be selected by default)
2026-02-26T00:30:41.002Z  INFO 36892 --- [configmaster_backend] [           main] o.h.e.t.j.p.i.JtaPlatformInitiator       : HHH000489: No JTA platform available (set 'hibernate.transaction.jta.platform' to enable JTA platform integration)
2026-02-26T00:30:41.012Z  INFO 36892 --- [configmaster_backend] [           main] j.LocalContainerEntityManagerFactoryBean : Initialized JPA EntityManagerFactory for persistence unit 'default'
2026-02-26T00:30:41.984Z  INFO 36892 --- [configmaster_backend] [           main] o.s.d.j.r.query.QueryEnhancerFactory     : Hibernate is in classpath; If applicable, HQL parser will be used.
2026-02-26T00:30:44.500Z  WARN 36892 --- [configmaster_backend] [           main] JpaBaseConfiguration$JpaWebConfiguration : spring.jpa.open-in-view is enabled by default. Therefore, database queries may be performed during view rendering. Explicitly configure spring.jpa.open-in-view to disable this warning
2026-02-26T00:30:47.209Z  INFO 36892 --- [configmaster_backend] [           main] o.s.s.web.DefaultSecurityFilterChain     : Will secure any request with [org.springframework.security.web.session.DisableEncodeUrlFilter@6eb96567, org.springframework.security.web.context.request.async.WebAsyncManagerIntegrationFilter@53309bfd, org.springframework.security.web.context.SecurityContextHolderFilter@199f2854, org.springframework.security.web.header.HeaderWriterFilter@a0c027a, org.springframework.web.filter.CorsFilter@2f074818, org.springframework.security.web.authentication.logout.LogoutFilter@75643efa, com.hps.configmaster_backend.filter.JwtAuthorizationFilter@3a00b15d, org.springframework.security.web.savedrequest.RequestCacheAwareFilter@60a4e124, org.springframework.security.web.servletapi.SecurityContextHolderAwareRequestFilter@3815c525, org.springframework.security.web.authentication.AnonymousAuthenticationFilter@3e3e9f3e, org.springframework.security.web.session.SessionManagementFilter@88b9cf, org.springframework.security.web.access.ExceptionTranslationFilter@6513fd22, org.springframework.security.web.access.intercept.AuthorizationFilter@201b8a01]
2026-02-26T00:30:48.488Z  INFO 36892 --- [configmaster_backend] [           main] o.s.b.w.embedded.tomcat.TomcatWebServer  : Tomcat started on port 8084 (http) with context path '/configmaster_backend'
2026-02-26T00:30:48.525Z  INFO 36892 --- [configmaster_backend] [           main] c.h.c.ConfigmasterBackendApplication     : Started ConfigmasterBackendApplication in 28.036 seconds (process running for 29.915)
2026-02-26T00:30:49.486Z  INFO 36892 --- [configmaster_backend] [nio-8084-exec-1] o.a.c.c.C.[.[.[/configmaster_backend]    : Initializing Spring DispatcherServlet 'dispatcherServlet'
2026-02-26T00:30:49.487Z  INFO 36892 --- [configmaster_backend] [nio-8084-exec-1] o.s.web.servlet.DispatcherServlet        : Initializing Servlet 'dispatcherServlet'
2026-02-26T00:30:49.491Z  INFO 36892 --- [configmaster_backend] [nio-8084-exec-1] o.s.web.servlet.DispatcherServlet        : Completed initialization in 3 ms
? [JwtAuthorizationFilter] Filtre JWT activé pour la requęte : /configmaster_backend/v1/api/login
? Aucun token trouvé, passage au filtre suivant.
? [JwtAuthorizationFilter] Filtre JWT activé pour la requęte : /configmaster_backend/v1/api/banks/add
? Token reçu : eyJhbGciOiJIUzI1NiIsInR5cCI6IkpXVCJ9.eyJzdWIiOiJmdWxsQGdtYWlsLmNvbSIsImV4cCI6MTc3MjE1MjMyMn0.lnlOo0cydKumnTLJN5mjaAf6jWiYwYOxjrFku8KrG0Q
? Utilisateur authentifié : full@gmail.com
helloHibernate: select nb1_0.branch_code,nb1_0.bank_code,nb1_0.branch_wording,nb1_0.city_code,nb1_0.city_wording,nb1_0.region_code,nb1_0.region_wording from st_pre_branch nb1_0 where nb1_0.branch_code=?
Hibernate: select mr1_0.resource_wording,mr1_0.bank_code from st_pre_resources mr1_0 where mr1_0.resource_wording=?
Hibernate: select mr1_0.resource_wording,mr1_0.bank_code from st_pre_resources mr1_0 where mr1_0.resource_wording=?
Hibernate: select mr1_0.resource_wording,mr1_0.bank_code from st_pre_resources mr1_0 where mr1_0.resource_wording=?
Hibernate: select mbrpp1_0.product_code,mbrpp1_0.bank_code,mbrpp1_0.bin,mbrpp1_0.description,mbrpp1_0.expiration,mbrpp1_0.index_pvk,mbrpp1_0.network,mbrpp1_0.plastic_type,mbrpp1_0.prior_exp,mbrpp1_0.product_type,mbrpp1_0.renew,mbrpp1_0.service_code,mbrpp1_0.tranche_max,mbrpp1_0.tranche_min from st_pre_bin_range_plastic_prod mbrpp1_0 where mbrpp1_0.product_code=?
Hibernate: insert into st_pre_bin_range_plastic_prod (bank_code,bin,description,expiration,index_pvk,network,plastic_type,prior_exp,product_type,renew,service_code,tranche_max,tranche_min,product_code) values (?,?,?,?,?,?,?,?,?,?,?,?,?,?)
Hibernate: select pmcf1_0.card_fees_code,pmcf1_0.bank_code,pmcf1_0.card_fees_billing_evt,pmcf1_0.card_fees_billing_period,pmcf1_0.card_fees_grace_period,pmcf1_0.damaged_replacement_fees,pmcf1_0.description,pmcf1_0.fees_amount_first,pmcf1_0.pin_replacement_fees,pmcf1_0.subscription_amount from st_pre_mig_card_fees pmcf1_0 where pmcf1_0.card_fees_code=?
Hibernate: insert into st_pre_mig_card_fees (bank_code,card_fees_billing_evt,card_fees_billing_period,card_fees_grace_period,damaged_replacement_fees,description,fees_amount_first,pin_replacement_fees,subscription_amount,card_fees_code) values (?,?,?,?,?,?,?,?,?,?)
2026-02-26T00:32:04.049Z  WARN 36892 --- [configmaster_backend] [nio-8084-exec-9] o.h.engine.jdbc.spi.SqlExceptionHelper   : SQL Error: 12899, SQLState: 72000
2026-02-26T00:32:04.050Z ERROR 36892 --- [configmaster_backend] [nio-8084-exec-9] o.h.engine.jdbc.spi.SqlExceptionHelper   : ORA-12899: valeur trop grande pour la colonne "POWERCARD"."ST_PRE_MIG_CARD_FEES"."CARD_FEES_CODE" (rĂ©elle : 6, maximum : 3)

? [JwtAuthorizationFilter] Filtre JWT activé pour la requęte : /configmaster_backend/v1/api/banks/getBank/000345
? Token reçu : eyJhbGciOiJIUzI1NiIsInR5cCI6IkpXVCJ9.eyJzdWIiOiJmdWxsQGdtYWlsLmNvbSIsImV4cCI6MTc3MjE1MjMyMn0.lnlOo0cydKumnTLJN5mjaAf6jWiYwYOxjrFku8KrG0Q
? Utilisateur authentifié : full@gmail.com
Hibernate: select b1_0.bank_code,b1_0.bank_name,b1_0.date_create,b1_0.category,b1_0.country_code,b1_0.bank_currency_code from bank b1_0 where b1_0.bank_code=?
? [JwtAuthorizationFilter] Filtre JWT activé pour la requęte : /configmaster_backend/v1/api/banks/add
? Token reçu : eyJhbGciOiJIUzI1NiIsInR5cCI6IkpXVCJ9.eyJzdWIiOiJmdWxsQGdtYWlsLmNvbSIsImV4cCI6MTc3MjE1MjQwM30.qgIbUtsoqQyqCa6qwZ2iKkyFf3sNiI05KvQyhDfb12w
? Utilisateur authentifié : full@gmail.com
helloHibernate: select nb1_0.branch_code,nb1_0.bank_code,nb1_0.branch_wording,nb1_0.city_code,nb1_0.city_wording,nb1_0.region_code,nb1_0.region_wording from st_pre_branch nb1_0 where nb1_0.branch_code=?
Hibernate: select mr1_0.resource_wording,mr1_0.bank_code from st_pre_resources mr1_0 where mr1_0.resource_wording=?
Hibernate: select mr1_0.resource_wording,mr1_0.bank_code from st_pre_resources mr1_0 where mr1_0.resource_wording=?
Hibernate: select mr1_0.resource_wording,mr1_0.bank_code from st_pre_resources mr1_0 where mr1_0.resource_wording=?
Hibernate: select mbrpp1_0.product_code,mbrpp1_0.bank_code,mbrpp1_0.bin,mbrpp1_0.description,mbrpp1_0.expiration,mbrpp1_0.index_pvk,mbrpp1_0.network,mbrpp1_0.plastic_type,mbrpp1_0.prior_exp,mbrpp1_0.product_type,mbrpp1_0.renew,mbrpp1_0.service_code,mbrpp1_0.tranche_max,mbrpp1_0.tranche_min from st_pre_bin_range_plastic_prod mbrpp1_0 where mbrpp1_0.product_code=?
Hibernate: update st_pre_bin_range_plastic_prod set bank_code=?,bin=?,description=?,expiration=?,index_pvk=?,network=?,plastic_type=?,prior_exp=?,product_type=?,renew=?,service_code=?,tranche_max=?,tranche_min=? where product_code=?
Hibernate: select pmcf1_0.card_fees_code,pmcf1_0.bank_code,pmcf1_0.card_fees_billing_evt,pmcf1_0.card_fees_billing_period,pmcf1_0.card_fees_grace_period,pmcf1_0.damaged_replacement_fees,pmcf1_0.description,pmcf1_0.fees_amount_first,pmcf1_0.pin_replacement_fees,pmcf1_0.subscription_amount from st_pre_mig_card_fees pmcf1_0 where pmcf1_0.card_fees_code=?
Hibernate: insert into st_pre_mig_card_fees (bank_code,card_fees_billing_evt,card_fees_billing_period,card_fees_grace_period,damaged_replacement_fees,description,fees_amount_first,pin_replacement_fees,subscription_amount,card_fees_code) values (?,?,?,?,?,?,?,?,?,?)
2026-02-26T00:33:23.926Z  WARN 36892 --- [configmaster_backend] [nio-8084-exec-3] o.h.engine.jdbc.spi.SqlExceptionHelper   : SQL Error: 12899, SQLState: 72000
2026-02-26T00:33:23.927Z ERROR 36892 --- [configmaster_backend] [nio-8084-exec-3] o.h.engine.jdbc.spi.SqlExceptionHelper   : ORA-12899: valeur trop grande pour la colonne "POWERCARD"."ST_PRE_MIG_CARD_FEES"."CARD_FEES_CODE" (rĂ©elle : 6, maximum : 3)

? [JwtAuthorizationFilter] Filtre JWT activé pour la requęte : /configmaster_backend/v1/api/banks/getBank/000345
? Token reçu : eyJhbGciOiJIUzI1NiIsInR5cCI6IkpXVCJ9.eyJzdWIiOiJmdWxsQGdtYWlsLmNvbSIsImV4cCI6MTc3MjE1MjQwM30.qgIbUtsoqQyqCa6qwZ2iKkyFf3sNiI05KvQyhDfb12w
? Utilisateur authentifié : full@gmail.com
Hibernate: select b1_0.bank_code,b1_0.bank_name,b1_0.date_create,b1_0.category,b1_0.country_code,b1_0.bank_currency_code from bank b1_0 where b1_0.bank_code=?
[INFO] ------------------------------------------------------------------------
[INFO] BUILD FAILURE
[INFO] ------------------------------------------------------------------------
[INFO] Total time:  04:21 min
[INFO] Finished at: 2026-02-26T00:33:48Z
[INFO] ------------------------------------------------------------------------
[ERROR] Failed to execute goal org.springframework.boot:spring-boot-maven-plugin:3.2.2:run (default-cli) on project configmaster_backend: Process terminated with exit code: -1 -> [Help 1]
[ERROR] 
[ERROR] To see the full stack trace of the errors, re-run Maven with the -e switch.
[ERROR] Re-run Maven using the -X switch to enable full debug logging.
[ERROR] 
[ERROR] For more information about the errors and possible solutions, please read the following articles:
[ERROR] [Help 1] http://cwiki.apache.org/confluence/display/MAVEN/MojoExecutionException
